<?xml version="1.0" encoding="UTF-8"?>
<robot generator="Robot 3.1.2 (Python 3.7.4 on win32)" generated="20190902 19:02:34.543" rpa="false">
<suite id="s1" name="ZendeskSell" source="C:\robot-scripts\ZendeskSell\Tests\ZendeskSell.robot">
<test id="s1-t1" name="Log into the Zendesk Sell web application">
<kw name="Begin Web Test" library="Common" type="setup">
<kw name="Open Browser" library="SeleniumLibrary">
<doc>Opens a new browser instance to the given ``url``.</doc>
<arguments>
<arg>about:blank</arg>
<arg>${BROWSER}</arg>
</arguments>
<msg timestamp="20190902 19:02:34.969" level="INFO">Opening browser 'chrome' to base url 'about:blank'.</msg>
<status status="PASS" starttime="20190902 19:02:34.969" endtime="20190902 19:02:38.165"></status>
</kw>
<status status="PASS" starttime="20190902 19:02:34.968" endtime="20190902 19:02:38.165"></status>
</kw>
<kw name="Open login page and verify if it is loaded" library="LoginPage">
<kw name="Navigate To URL" library="LoginPage">
<kw name="Go To" library="SeleniumLibrary">
<doc>Navigates the active browser instance to the provided ``url``.</doc>
<arguments>
<arg>${URL}</arg>
</arguments>
<msg timestamp="20190902 19:02:38.166" level="INFO">Opening url 'https://core.futuresimple.com/users/login'</msg>
<status status="PASS" starttime="20190902 19:02:38.166" endtime="20190902 19:02:40.146"></status>
</kw>
<status status="PASS" starttime="20190902 19:02:38.166" endtime="20190902 19:02:40.146"></status>
</kw>
<kw name="Verify Login Page Loaded" library="Common">
<kw name="Wait Until Page Contains" library="SeleniumLibrary">
<doc>Waits until ``text`` appears on current page.</doc>
<arguments>
<arg>Log in to your account</arg>
</arguments>
<status status="PASS" starttime="20190902 19:02:40.147" endtime="20190902 19:02:40.167"></status>
</kw>
<status status="PASS" starttime="20190902 19:02:40.146" endtime="20190902 19:02:40.168"></status>
</kw>
<status status="PASS" starttime="20190902 19:02:38.165" endtime="20190902 19:02:40.168"></status>
</kw>
<kw name="Login to Zendesk Sell" library="LoginPage">
<kw name="Enter user login" library="LoginPage">
<kw name="Input Text" library="SeleniumLibrary">
<doc>Types the given ``text`` into text field identified by ``locator``.</doc>
<arguments>
<arg>${LOGIN_SELECTOR}</arg>
<arg>${LOGIN}</arg>
</arguments>
<msg timestamp="20190902 19:02:40.169" level="INFO">Typing text 'sleretra@gmail.com' into text field 'css= input[id='user_email']'.</msg>
<status status="PASS" starttime="20190902 19:02:40.169" endtime="20190902 19:02:40.400"></status>
</kw>
<status status="PASS" starttime="20190902 19:02:40.168" endtime="20190902 19:02:40.401"></status>
</kw>
<kw name="Enter user password" library="LoginPage">
<kw name="Input Password" library="SeleniumLibrary">
<doc>Types the given password into text field identified by ``locator``.</doc>
<arguments>
<arg>${PASS_SELECTOR}</arg>
<arg>${PASS}</arg>
</arguments>
<msg timestamp="20190902 19:02:40.402" level="INFO">Typing password into text field 'css= input[id='user_password']'.</msg>
<status status="PASS" starttime="20190902 19:02:40.401" endtime="20190902 19:02:40.620"></status>
</kw>
<status status="PASS" starttime="20190902 19:02:40.401" endtime="20190902 19:02:40.620"></status>
</kw>
<kw name="Click Button" library="SeleniumLibrary">
<doc>Clicks button identified by ``locator``.</doc>
<arguments>
<arg>Sign in</arg>
</arguments>
<msg timestamp="20190902 19:02:40.621" level="INFO">Clicking button 'Sign in'.</msg>
<status status="PASS" starttime="20190902 19:02:40.620" endtime="20190902 19:02:41.885"></status>
</kw>
<kw name="Verify if Dashboard is loaded" library="Common">
<kw name="Wait Until Element Is Visible" library="SeleniumLibrary">
<doc>Waits until element ``locator`` is visible.</doc>
<arguments>
<arg>${DASHBOARD}</arg>
</arguments>
<status status="PASS" starttime="20190902 19:02:41.886" endtime="20190902 19:02:47.652"></status>
</kw>
<status status="PASS" starttime="20190902 19:02:41.885" endtime="20190902 19:02:47.652"></status>
</kw>
<status status="PASS" starttime="20190902 19:02:40.168" endtime="20190902 19:02:47.653"></status>
</kw>
<kw name="End Web Test" library="Common" type="teardown">
<kw name="Close All Browsers" library="SeleniumLibrary">
<doc>Closes all open browsers and resets the browser cache.</doc>
<status status="PASS" starttime="20190902 19:02:47.658" endtime="20190902 19:02:50.122"></status>
</kw>
<status status="PASS" starttime="20190902 19:02:47.658" endtime="20190902 19:02:50.122"></status>
</kw>
<status status="PASS" starttime="20190902 19:02:34.968" endtime="20190902 19:02:50.123" critical="yes"></status>
</test>
<test id="s1-t2" name="Create a new Lead and check status">
<kw name="Begin Web Test" library="Common" type="setup">
<kw name="Open Browser" library="SeleniumLibrary">
<doc>Opens a new browser instance to the given ``url``.</doc>
<arguments>
<arg>about:blank</arg>
<arg>${BROWSER}</arg>
</arguments>
<msg timestamp="20190902 19:02:50.125" level="INFO">Opening browser 'chrome' to base url 'about:blank'.</msg>
<status status="PASS" starttime="20190902 19:02:50.125" endtime="20190902 19:02:53.166"></status>
</kw>
<status status="PASS" starttime="20190902 19:02:50.125" endtime="20190902 19:02:53.166"></status>
</kw>
<kw name="Open login page and verify if it is loaded" library="LoginPage">
<kw name="Navigate To URL" library="LoginPage">
<kw name="Go To" library="SeleniumLibrary">
<doc>Navigates the active browser instance to the provided ``url``.</doc>
<arguments>
<arg>${URL}</arg>
</arguments>
<msg timestamp="20190902 19:02:53.173" level="INFO">Opening url 'https://core.futuresimple.com/users/login'</msg>
<status status="PASS" starttime="20190902 19:02:53.173" endtime="20190902 19:02:55.077"></status>
</kw>
<status status="PASS" starttime="20190902 19:02:53.172" endtime="20190902 19:02:55.077"></status>
</kw>
<kw name="Verify Login Page Loaded" library="Common">
<kw name="Wait Until Page Contains" library="SeleniumLibrary">
<doc>Waits until ``text`` appears on current page.</doc>
<arguments>
<arg>Log in to your account</arg>
</arguments>
<status status="PASS" starttime="20190902 19:02:55.078" endtime="20190902 19:02:55.103"></status>
</kw>
<status status="PASS" starttime="20190902 19:02:55.078" endtime="20190902 19:02:55.103"></status>
</kw>
<status status="PASS" starttime="20190902 19:02:53.171" endtime="20190902 19:02:55.103"></status>
</kw>
<kw name="Login to Zendesk Sell" library="LoginPage">
<kw name="Enter user login" library="LoginPage">
<kw name="Input Text" library="SeleniumLibrary">
<doc>Types the given ``text`` into text field identified by ``locator``.</doc>
<arguments>
<arg>${LOGIN_SELECTOR}</arg>
<arg>${LOGIN}</arg>
</arguments>
<msg timestamp="20190902 19:02:55.106" level="INFO">Typing text 'sleretra@gmail.com' into text field 'css= input[id='user_email']'.</msg>
<status status="PASS" starttime="20190902 19:02:55.106" endtime="20190902 19:02:55.282"></status>
</kw>
<status status="PASS" starttime="20190902 19:02:55.105" endtime="20190902 19:02:55.282"></status>
</kw>
<kw name="Enter user password" library="LoginPage">
<kw name="Input Password" library="SeleniumLibrary">
<doc>Types the given password into text field identified by ``locator``.</doc>
<arguments>
<arg>${PASS_SELECTOR}</arg>
<arg>${PASS}</arg>
</arguments>
<msg timestamp="20190902 19:02:55.284" level="INFO">Typing password into text field 'css= input[id='user_password']'.</msg>
<status status="PASS" starttime="20190902 19:02:55.283" endtime="20190902 19:02:55.480"></status>
</kw>
<status status="PASS" starttime="20190902 19:02:55.282" endtime="20190902 19:02:55.481"></status>
</kw>
<kw name="Click Button" library="SeleniumLibrary">
<doc>Clicks button identified by ``locator``.</doc>
<arguments>
<arg>Sign in</arg>
</arguments>
<msg timestamp="20190902 19:02:55.481" level="INFO">Clicking button 'Sign in'.</msg>
<status status="PASS" starttime="20190902 19:02:55.481" endtime="20190902 19:02:56.719"></status>
</kw>
<kw name="Verify if Dashboard is loaded" library="Common">
<kw name="Wait Until Element Is Visible" library="SeleniumLibrary">
<doc>Waits until element ``locator`` is visible.</doc>
<arguments>
<arg>${DASHBOARD}</arg>
</arguments>
<status status="PASS" starttime="20190902 19:02:56.721" endtime="20190902 19:03:01.938"></status>
</kw>
<status status="PASS" starttime="20190902 19:02:56.720" endtime="20190902 19:03:01.938"></status>
</kw>
<status status="PASS" starttime="20190902 19:02:55.104" endtime="20190902 19:03:01.939"></status>
</kw>
<kw name="Choose &quot;Add new lead&quot; from list" library="TopNav">
<kw name="Click Element" library="SeleniumLibrary">
<doc>Click element identified by ``locator``.</doc>
<arguments>
<arg>${ADD_MENU}</arg>
</arguments>
<msg timestamp="20190902 19:03:01.958" level="INFO">Clicking element 'css= div[class="_-6M--Icon--Icon vNy--Icon--size_s _1Cz--fontAwesomeFont--icon iJS--fontAwesomeIcons--caret-down _1Yh--margins--marginLeft_xs"]'.</msg>
<status status="PASS" starttime="20190902 19:03:01.957" endtime="20190902 19:03:04.401"></status>
</kw>
<kw name="Click Element" library="SeleniumLibrary">
<doc>Click element identified by ``locator``.</doc>
<arguments>
<arg>${ADD_LEAD_LIST}</arg>
</arguments>
<msg timestamp="20190902 19:03:04.402" level="INFO">Clicking element 'css= div[class="_-6M--Icon--Icon vNy--Icon--size_s Rrz--baseIconsNeueFont--icon _1EF--baseIconsNeueIcons--leads vM6--IconLabel--icon"]'.</msg>
<status status="PASS" starttime="20190902 19:03:04.401" endtime="20190902 19:03:05.308"></status>
</kw>
<kw name="Verify if popup is displayed" library="Common">
<kw name="Wait Until Element Is Visible" library="SeleniumLibrary">
<doc>Waits until element ``locator`` is visible.</doc>
<arguments>
<arg>${ADD_LEAD}</arg>
</arguments>
<status status="PASS" starttime="20190902 19:03:05.309" endtime="20190902 19:03:06.452"></status>
</kw>
<status status="PASS" starttime="20190902 19:03:05.309" endtime="20190902 19:03:06.453"></status>
</kw>
<status status="PASS" starttime="20190902 19:03:01.957" endtime="20190902 19:03:06.453"></status>
</kw>
<kw name="Fill leads name and last name" library="AddLead">
<kw name="Enter lead name" library="AddLead">
<kw name="Input Text" library="SeleniumLibrary">
<doc>Types the given ``text`` into text field identified by ``locator``.</doc>
<arguments>
<arg>${ADD_FIRSTNAME}</arg>
<arg>${NAME}</arg>
</arguments>
<msg timestamp="20190902 19:03:06.456" level="INFO">Typing text 'Jan' into text field 'css= input[placeholder='First Name']'.</msg>
<status status="PASS" starttime="20190902 19:03:06.455" endtime="20190902 19:03:07.870"></status>
</kw>
<status status="PASS" starttime="20190902 19:03:06.454" endtime="20190902 19:03:07.870"></status>
</kw>
<kw name="Enter lead last name" library="AddLead">
<kw name="Input Text" library="SeleniumLibrary">
<doc>Types the given ``text`` into text field identified by ``locator``.</doc>
<arguments>
<arg>${ADD_LASTNAME}</arg>
<arg>${SURNAME}</arg>
</arguments>
<msg timestamp="20190902 19:03:07.872" level="INFO">Typing text 'Nowak' into text field 'css= input[placeholder='Last Name']'.</msg>
<status status="PASS" starttime="20190902 19:03:07.871" endtime="20190902 19:03:08.440"></status>
</kw>
<status status="PASS" starttime="20190902 19:03:07.871" endtime="20190902 19:03:08.440"></status>
</kw>
<status status="PASS" starttime="20190902 19:03:06.454" endtime="20190902 19:03:08.441"></status>
</kw>
<kw name="Save changes and go to details" library="AddLead">
<kw name="Click Button" library="SeleniumLibrary">
<doc>Clicks button identified by ``locator``.</doc>
<arguments>
<arg>${SAVE_AND_DETAILS}</arg>
</arguments>
<msg timestamp="20190902 19:03:08.443" level="INFO">Clicking button 'css= button[data-action='save-and-visit']'.</msg>
<status status="PASS" starttime="20190902 19:03:08.443" endtime="20190902 19:03:09.130"></status>
</kw>
<status status="PASS" starttime="20190902 19:03:08.442" endtime="20190902 19:03:09.131"></status>
</kw>
<kw name="Check if status is New" library="LeadDetails">
<kw name="Wait Until Element Contains" library="SeleniumLibrary">
<doc>Waits until element ``locator`` contains ``text``.</doc>
<arguments>
<arg>${STATUS_LEAD_DETAILS}</arg>
<arg>New</arg>
</arguments>
<status status="PASS" starttime="20190902 19:03:09.139" endtime="20190902 19:03:10.421"></status>
</kw>
<status status="PASS" starttime="20190902 19:03:09.138" endtime="20190902 19:03:10.421"></status>
</kw>
<kw name="End Web Test" library="Common" type="teardown">
<kw name="Close All Browsers" library="SeleniumLibrary">
<doc>Closes all open browsers and resets the browser cache.</doc>
<status status="PASS" starttime="20190902 19:03:10.423" endtime="20190902 19:03:12.899"></status>
</kw>
<status status="PASS" starttime="20190902 19:03:10.422" endtime="20190902 19:03:12.899"></status>
</kw>
<status status="PASS" starttime="20190902 19:02:50.124" endtime="20190902 19:03:12.899" critical="yes"></status>
</test>
<test id="s1-t3" name="Change the name of the &quot;New&quot; status">
<kw name="Begin Web Test" library="Common" type="setup">
<kw name="Open Browser" library="SeleniumLibrary">
<doc>Opens a new browser instance to the given ``url``.</doc>
<arguments>
<arg>about:blank</arg>
<arg>${BROWSER}</arg>
</arguments>
<msg timestamp="20190902 19:03:12.902" level="INFO">Opening browser 'chrome' to base url 'about:blank'.</msg>
<status status="PASS" starttime="20190902 19:03:12.902" endtime="20190902 19:03:16.084"></status>
</kw>
<status status="PASS" starttime="20190902 19:03:12.901" endtime="20190902 19:03:16.085"></status>
</kw>
<kw name="Open login page and verify if it is loaded" library="LoginPage">
<kw name="Navigate To URL" library="LoginPage">
<kw name="Go To" library="SeleniumLibrary">
<doc>Navigates the active browser instance to the provided ``url``.</doc>
<arguments>
<arg>${URL}</arg>
</arguments>
<msg timestamp="20190902 19:03:16.089" level="INFO">Opening url 'https://core.futuresimple.com/users/login'</msg>
<status status="PASS" starttime="20190902 19:03:16.088" endtime="20190902 19:03:18.323"></status>
</kw>
<status status="PASS" starttime="20190902 19:03:16.087" endtime="20190902 19:03:18.324"></status>
</kw>
<kw name="Verify Login Page Loaded" library="Common">
<kw name="Wait Until Page Contains" library="SeleniumLibrary">
<doc>Waits until ``text`` appears on current page.</doc>
<arguments>
<arg>Log in to your account</arg>
</arguments>
<status status="PASS" starttime="20190902 19:03:18.324" endtime="20190902 19:03:18.354"></status>
</kw>
<status status="PASS" starttime="20190902 19:03:18.324" endtime="20190902 19:03:18.354"></status>
</kw>
<status status="PASS" starttime="20190902 19:03:16.086" endtime="20190902 19:03:18.354"></status>
</kw>
<kw name="Login to Zendesk Sell" library="LoginPage">
<kw name="Enter user login" library="LoginPage">
<kw name="Input Text" library="SeleniumLibrary">
<doc>Types the given ``text`` into text field identified by ``locator``.</doc>
<arguments>
<arg>${LOGIN_SELECTOR}</arg>
<arg>${LOGIN}</arg>
</arguments>
<msg timestamp="20190902 19:03:18.356" level="INFO">Typing text 'sleretra@gmail.com' into text field 'css= input[id='user_email']'.</msg>
<status status="PASS" starttime="20190902 19:03:18.356" endtime="20190902 19:03:18.594"></status>
</kw>
<status status="PASS" starttime="20190902 19:03:18.355" endtime="20190902 19:03:18.594"></status>
</kw>
<kw name="Enter user password" library="LoginPage">
<kw name="Input Password" library="SeleniumLibrary">
<doc>Types the given password into text field identified by ``locator``.</doc>
<arguments>
<arg>${PASS_SELECTOR}</arg>
<arg>${PASS}</arg>
</arguments>
<msg timestamp="20190902 19:03:18.595" level="INFO">Typing password into text field 'css= input[id='user_password']'.</msg>
<status status="PASS" starttime="20190902 19:03:18.595" endtime="20190902 19:03:18.834"></status>
</kw>
<status status="PASS" starttime="20190902 19:03:18.594" endtime="20190902 19:03:18.834"></status>
</kw>
<kw name="Click Button" library="SeleniumLibrary">
<doc>Clicks button identified by ``locator``.</doc>
<arguments>
<arg>Sign in</arg>
</arguments>
<msg timestamp="20190902 19:03:18.835" level="INFO">Clicking button 'Sign in'.</msg>
<status status="PASS" starttime="20190902 19:03:18.834" endtime="20190902 19:03:20.037"></status>
</kw>
<kw name="Verify if Dashboard is loaded" library="Common">
<kw name="Wait Until Element Is Visible" library="SeleniumLibrary">
<doc>Waits until element ``locator`` is visible.</doc>
<arguments>
<arg>${DASHBOARD}</arg>
</arguments>
<status status="PASS" starttime="20190902 19:03:20.038" endtime="20190902 19:03:25.201"></status>
</kw>
<status status="PASS" starttime="20190902 19:03:20.037" endtime="20190902 19:03:25.202"></status>
</kw>
<status status="PASS" starttime="20190902 19:03:18.355" endtime="20190902 19:03:25.202"></status>
</kw>
<kw name="Go to settings" library="TopNav">
<kw name="Click Element" library="SeleniumLibrary">
<doc>Click element identified by ``locator``.</doc>
<arguments>
<arg>${USER_MENU}</arg>
</arguments>
<msg timestamp="20190902 19:03:25.205" level="INFO">Clicking element 'css= li[id='user-dd']'.</msg>
<status status="PASS" starttime="20190902 19:03:25.204" endtime="20190902 19:03:27.210"></status>
</kw>
<kw name="Choose setting from list" library="TopNav">
<kw name="Click Element" library="SeleniumLibrary">
<doc>Click element identified by ``locator``.</doc>
<arguments>
<arg>${SETTINGS}</arg>
</arguments>
<msg timestamp="20190902 19:03:27.212" level="INFO">Clicking element 'css= a[href="/settings/profile"]'.</msg>
<status status="PASS" starttime="20190902 19:03:27.211" endtime="20190902 19:03:27.931"></status>
</kw>
<status status="PASS" starttime="20190902 19:03:27.211" endtime="20190902 19:03:27.931"></status>
</kw>
<kw name="Verify is settings page is displayed" library="Common">
<kw name="Wait Until Element Is Visible" library="SeleniumLibrary">
<doc>Waits until element ``locator`` is visible.</doc>
<arguments>
<arg>${SETTINGS_PROFILE}</arg>
</arguments>
<status status="PASS" starttime="20190902 19:03:27.932" endtime="20190902 19:03:28.957"></status>
</kw>
<status status="PASS" starttime="20190902 19:03:27.931" endtime="20190902 19:03:28.958"></status>
</kw>
<status status="PASS" starttime="20190902 19:03:25.203" endtime="20190902 19:03:28.958"></status>
</kw>
<kw name="Open Leads settings" library="SettingsLeftMenu">
<kw name="Click Element" library="SeleniumLibrary">
<doc>Click element identified by ``locator``.</doc>
<arguments>
<arg>${SETTINGS_LEAD}</arg>
</arguments>
<msg timestamp="20190902 19:03:28.960" level="INFO">Clicking element 'css= li[class='leads']'.</msg>
<status status="PASS" starttime="20190902 19:03:28.960" endtime="20190902 19:03:29.466"></status>
</kw>
<kw name="Verify if Leads settings are displayed" library="Common">
<kw name="Wait Until Element Is Visible" library="SeleniumLibrary">
<doc>Waits until element ``locator`` is visible.</doc>
<arguments>
<arg>${SETTINGS_LEADS_TAB}</arg>
</arguments>
<status status="PASS" starttime="20190902 19:03:29.467" endtime="20190902 19:03:30.006"></status>
</kw>
<status status="PASS" starttime="20190902 19:03:29.466" endtime="20190902 19:03:30.006"></status>
</kw>
<status status="PASS" starttime="20190902 19:03:28.959" endtime="20190902 19:03:30.007"></status>
</kw>
<kw name="Open &quot;Lead statuses&quot; and change status" library="SettingsLeads">
<kw name="Open Lead statuses tab" library="SettingsLeads">
<kw name="Click Element" library="SeleniumLibrary">
<doc>Click element identified by ``locator``.</doc>
<arguments>
<arg>${LEAD_STATUSES}</arg>
</arguments>
<msg timestamp="20190902 19:03:30.009" level="INFO">Clicking element 'css= li a[href='#lead-status']'.</msg>
<status status="PASS" starttime="20190902 19:03:30.008" endtime="20190902 19:03:30.507"></status>
</kw>
<status status="PASS" starttime="20190902 19:03:30.008" endtime="20190902 19:03:30.507"></status>
</kw>
<kw name="Find Edit button to change name of status" library="SettingsLeads">
<kw name="Click Button" library="SeleniumLibrary">
<doc>Clicks button identified by ``locator``.</doc>
<arguments>
<arg>${EDIT_STATUS}</arg>
</arguments>
<msg timestamp="20190902 19:03:30.509" level="INFO">Clicking button 'css= span[data-named-object-id="2609541"] button[class='btn btn-mini edit']'.</msg>
<status status="PASS" starttime="20190902 19:03:30.508" endtime="20190902 19:03:30.696"></status>
</kw>
<status status="PASS" starttime="20190902 19:03:30.507" endtime="20190902 19:03:30.696"></status>
</kw>
<kw name="Input new text" library="SettingsLeads">
<kw name="Clear Element Text" library="SeleniumLibrary">
<doc>Clears the value of text entry element identified by ``locator``.</doc>
<arguments>
<arg>${STATUS_INPUT_FIELD}</arg>
</arguments>
<status status="PASS" starttime="20190902 19:03:30.698" endtime="20190902 19:03:30.740"></status>
</kw>
<kw name="Input Text" library="SeleniumLibrary">
<doc>Types the given ``text`` into text field identified by ``locator``.</doc>
<arguments>
<arg>${STATUS_INPUT_FIELD}</arg>
<arg>${NEW_STATUS_TEXT}</arg>
</arguments>
<msg timestamp="20190902 19:03:30.741" level="INFO">Typing text 'NewStatus' into text field 'css= input[value="New"]'.</msg>
<status status="PASS" starttime="20190902 19:03:30.741" endtime="20190902 19:03:30.940"></status>
</kw>
<status status="PASS" starttime="20190902 19:03:30.697" endtime="20190902 19:03:30.940"></status>
</kw>
<kw name="Click Element" library="SeleniumLibrary">
<doc>Click element identified by ``locator``.</doc>
<arguments>
<arg>${SAVE_BUTTON}</arg>
</arguments>
<msg timestamp="20190902 19:03:30.941" level="INFO">Clicking element 'css= span[data-named-object-id="2609541"] button[class="btn btn-primary save"]'.</msg>
<status status="PASS" starttime="20190902 19:03:30.940" endtime="20190902 19:03:31.098"></status>
</kw>
<status status="PASS" starttime="20190902 19:03:30.007" endtime="20190902 19:03:31.098"></status>
</kw>
<kw name="End Web Test" library="Common" type="teardown">
<kw name="Close All Browsers" library="SeleniumLibrary">
<doc>Closes all open browsers and resets the browser cache.</doc>
<status status="PASS" starttime="20190902 19:03:31.120" endtime="20190902 19:03:33.512"></status>
</kw>
<status status="PASS" starttime="20190902 19:03:31.119" endtime="20190902 19:03:33.513"></status>
</kw>
<status status="PASS" starttime="20190902 19:03:12.901" endtime="20190902 19:03:33.513" critical="yes"></status>
</test>
<test id="s1-t4" name="Checking if status changed in Lead Details">
<kw name="Begin Web Test" library="Common" type="setup">
<kw name="Open Browser" library="SeleniumLibrary">
<doc>Opens a new browser instance to the given ``url``.</doc>
<arguments>
<arg>about:blank</arg>
<arg>${BROWSER}</arg>
</arguments>
<msg timestamp="20190902 19:03:33.516" level="INFO">Opening browser 'chrome' to base url 'about:blank'.</msg>
<status status="PASS" starttime="20190902 19:03:33.516" endtime="20190902 19:03:37.116"></status>
</kw>
<status status="PASS" starttime="20190902 19:03:33.515" endtime="20190902 19:03:37.116"></status>
</kw>
<kw name="Open login page and verify if it is loaded" library="LoginPage">
<kw name="Navigate To URL" library="LoginPage">
<kw name="Go To" library="SeleniumLibrary">
<doc>Navigates the active browser instance to the provided ``url``.</doc>
<arguments>
<arg>${URL}</arg>
</arguments>
<msg timestamp="20190902 19:03:37.121" level="INFO">Opening url 'https://core.futuresimple.com/users/login'</msg>
<status status="PASS" starttime="20190902 19:03:37.120" endtime="20190902 19:03:39.330"></status>
</kw>
<status status="PASS" starttime="20190902 19:03:37.120" endtime="20190902 19:03:39.330"></status>
</kw>
<kw name="Verify Login Page Loaded" library="Common">
<kw name="Wait Until Page Contains" library="SeleniumLibrary">
<doc>Waits until ``text`` appears on current page.</doc>
<arguments>
<arg>Log in to your account</arg>
</arguments>
<status status="PASS" starttime="20190902 19:03:39.331" endtime="20190902 19:03:39.358"></status>
</kw>
<status status="PASS" starttime="20190902 19:03:39.330" endtime="20190902 19:03:39.359"></status>
</kw>
<status status="PASS" starttime="20190902 19:03:37.120" endtime="20190902 19:03:39.359"></status>
</kw>
<kw name="Login to Zendesk Sell" library="LoginPage">
<kw name="Enter user login" library="LoginPage">
<kw name="Input Text" library="SeleniumLibrary">
<doc>Types the given ``text`` into text field identified by ``locator``.</doc>
<arguments>
<arg>${LOGIN_SELECTOR}</arg>
<arg>${LOGIN}</arg>
</arguments>
<msg timestamp="20190902 19:03:39.362" level="INFO">Typing text 'sleretra@gmail.com' into text field 'css= input[id='user_email']'.</msg>
<status status="PASS" starttime="20190902 19:03:39.361" endtime="20190902 19:03:39.578"></status>
</kw>
<status status="PASS" starttime="20190902 19:03:39.360" endtime="20190902 19:03:39.578"></status>
</kw>
<kw name="Enter user password" library="LoginPage">
<kw name="Input Password" library="SeleniumLibrary">
<doc>Types the given password into text field identified by ``locator``.</doc>
<arguments>
<arg>${PASS_SELECTOR}</arg>
<arg>${PASS}</arg>
</arguments>
<msg timestamp="20190902 19:03:39.580" level="INFO">Typing password into text field 'css= input[id='user_password']'.</msg>
<status status="PASS" starttime="20190902 19:03:39.579" endtime="20190902 19:03:39.850"></status>
</kw>
<status status="PASS" starttime="20190902 19:03:39.579" endtime="20190902 19:03:39.850"></status>
</kw>
<kw name="Click Button" library="SeleniumLibrary">
<doc>Clicks button identified by ``locator``.</doc>
<arguments>
<arg>Sign in</arg>
</arguments>
<msg timestamp="20190902 19:03:39.850" level="INFO">Clicking button 'Sign in'.</msg>
<status status="PASS" starttime="20190902 19:03:39.850" endtime="20190902 19:03:41.467"></status>
</kw>
<kw name="Verify if Dashboard is loaded" library="Common">
<kw name="Wait Until Element Is Visible" library="SeleniumLibrary">
<doc>Waits until element ``locator`` is visible.</doc>
<arguments>
<arg>${DASHBOARD}</arg>
</arguments>
<status status="PASS" starttime="20190902 19:03:41.468" endtime="20190902 19:03:46.445"></status>
</kw>
<status status="PASS" starttime="20190902 19:03:41.468" endtime="20190902 19:03:46.445"></status>
</kw>
<status status="PASS" starttime="20190902 19:03:39.360" endtime="20190902 19:03:46.445"></status>
</kw>
<kw name="Open lead details" library="TopNav">
<kw name="Click Element" library="SeleniumLibrary">
<doc>Click element identified by ``locator``.</doc>
<arguments>
<arg>${LEAD_DETAILS}</arg>
</arguments>
<msg timestamp="20190902 19:03:46.452" level="INFO">Clicking element 'css= a[id='nav-working-leads']'.</msg>
<status status="PASS" starttime="20190902 19:03:46.452" endtime="20190902 19:03:48.909"></status>
</kw>
<kw name="Verify if lead details is loaded" library="Common">
<kw name="Wait Until Element Is Visible" library="SeleniumLibrary">
<doc>Waits until element ``locator`` is visible.</doc>
<arguments>
<arg>${TOP_MENU}</arg>
</arguments>
<status status="PASS" starttime="20190902 19:03:48.910" endtime="20190902 19:03:51.257"></status>
</kw>
<status status="PASS" starttime="20190902 19:03:48.909" endtime="20190902 19:03:51.257"></status>
</kw>
<status status="PASS" starttime="20190902 19:03:46.451" endtime="20190902 19:03:51.257"></status>
</kw>
<kw name="Check if status changed" library="LeadDetails">
<kw name="Click Element" library="SeleniumLibrary">
<doc>Click element identified by ``locator``.</doc>
<arguments>
<arg>${STATUS_FILTER}</arg>
</arguments>
<msg timestamp="20190902 19:03:51.268" level="INFO">Clicking element 'css= div[data-filter-id='status'] [class='_20---CloudFilter--attributesContainer']'.</msg>
<status status="PASS" starttime="20190902 19:03:51.268" endtime="20190902 19:03:51.743"></status>
</kw>
<kw name="Wait Until Element Contains" library="SeleniumLibrary">
<doc>Waits until element ``locator`` contains ``text``.</doc>
<arguments>
<arg>${NEW_STATUS}</arg>
<arg>NewStatus</arg>
</arguments>
<status status="PASS" starttime="20190902 19:03:51.743" endtime="20190902 19:03:51.887"></status>
</kw>
<status status="PASS" starttime="20190902 19:03:51.267" endtime="20190902 19:03:51.887"></status>
</kw>
<kw name="End Web Test" library="Common" type="teardown">
<kw name="Close All Browsers" library="SeleniumLibrary">
<doc>Closes all open browsers and resets the browser cache.</doc>
<status status="PASS" starttime="20190902 19:03:51.888" endtime="20190902 19:03:54.280"></status>
</kw>
<status status="PASS" starttime="20190902 19:03:51.888" endtime="20190902 19:03:54.280"></status>
</kw>
<status status="PASS" starttime="20190902 19:03:33.514" endtime="20190902 19:03:54.281" critical="yes"></status>
</test>
<test id="s1-t5" name="Delete created lead and change back status">
<kw name="Begin Web Test" library="Common" type="setup">
<kw name="Open Browser" library="SeleniumLibrary">
<doc>Opens a new browser instance to the given ``url``.</doc>
<arguments>
<arg>about:blank</arg>
<arg>${BROWSER}</arg>
</arguments>
<msg timestamp="20190902 19:03:54.283" level="INFO">Opening browser 'chrome' to base url 'about:blank'.</msg>
<status status="PASS" starttime="20190902 19:03:54.283" endtime="20190902 19:03:57.385"></status>
</kw>
<status status="PASS" starttime="20190902 19:03:54.283" endtime="20190902 19:03:57.386"></status>
</kw>
<kw name="Open login page and verify if it is loaded" library="LoginPage">
<kw name="Navigate To URL" library="LoginPage">
<kw name="Go To" library="SeleniumLibrary">
<doc>Navigates the active browser instance to the provided ``url``.</doc>
<arguments>
<arg>${URL}</arg>
</arguments>
<msg timestamp="20190902 19:03:57.388" level="INFO">Opening url 'https://core.futuresimple.com/users/login'</msg>
<status status="PASS" starttime="20190902 19:03:57.388" endtime="20190902 19:03:59.441"></status>
</kw>
<status status="PASS" starttime="20190902 19:03:57.387" endtime="20190902 19:03:59.441"></status>
</kw>
<kw name="Verify Login Page Loaded" library="Common">
<kw name="Wait Until Page Contains" library="SeleniumLibrary">
<doc>Waits until ``text`` appears on current page.</doc>
<arguments>
<arg>Log in to your account</arg>
</arguments>
<status status="PASS" starttime="20190902 19:03:59.442" endtime="20190902 19:03:59.472"></status>
</kw>
<status status="PASS" starttime="20190902 19:03:59.441" endtime="20190902 19:03:59.472"></status>
</kw>
<status status="PASS" starttime="20190902 19:03:57.387" endtime="20190902 19:03:59.472"></status>
</kw>
<kw name="Login to Zendesk Sell" library="LoginPage">
<kw name="Enter user login" library="LoginPage">
<kw name="Input Text" library="SeleniumLibrary">
<doc>Types the given ``text`` into text field identified by ``locator``.</doc>
<arguments>
<arg>${LOGIN_SELECTOR}</arg>
<arg>${LOGIN}</arg>
</arguments>
<msg timestamp="20190902 19:03:59.474" level="INFO">Typing text 'sleretra@gmail.com' into text field 'css= input[id='user_email']'.</msg>
<status status="PASS" starttime="20190902 19:03:59.473" endtime="20190902 19:03:59.691"></status>
</kw>
<status status="PASS" starttime="20190902 19:03:59.473" endtime="20190902 19:03:59.692"></status>
</kw>
<kw name="Enter user password" library="LoginPage">
<kw name="Input Password" library="SeleniumLibrary">
<doc>Types the given password into text field identified by ``locator``.</doc>
<arguments>
<arg>${PASS_SELECTOR}</arg>
<arg>${PASS}</arg>
</arguments>
<msg timestamp="20190902 19:03:59.693" level="INFO">Typing password into text field 'css= input[id='user_password']'.</msg>
<status status="PASS" starttime="20190902 19:03:59.693" endtime="20190902 19:03:59.947"></status>
</kw>
<status status="PASS" starttime="20190902 19:03:59.692" endtime="20190902 19:03:59.947"></status>
</kw>
<kw name="Click Button" library="SeleniumLibrary">
<doc>Clicks button identified by ``locator``.</doc>
<arguments>
<arg>Sign in</arg>
</arguments>
<msg timestamp="20190902 19:03:59.948" level="INFO">Clicking button 'Sign in'.</msg>
<status status="PASS" starttime="20190902 19:03:59.948" endtime="20190902 19:04:01.541"></status>
</kw>
<kw name="Verify if Dashboard is loaded" library="Common">
<kw name="Wait Until Element Is Visible" library="SeleniumLibrary">
<doc>Waits until element ``locator`` is visible.</doc>
<arguments>
<arg>${DASHBOARD}</arg>
</arguments>
<status status="PASS" starttime="20190902 19:04:01.542" endtime="20190902 19:04:06.518"></status>
</kw>
<status status="PASS" starttime="20190902 19:04:01.541" endtime="20190902 19:04:06.519"></status>
</kw>
<status status="PASS" starttime="20190902 19:03:59.472" endtime="20190902 19:04:06.519"></status>
</kw>
<kw name="Go to settings" library="TopNav">
<kw name="Click Element" library="SeleniumLibrary">
<doc>Click element identified by ``locator``.</doc>
<arguments>
<arg>${USER_MENU}</arg>
</arguments>
<msg timestamp="20190902 19:04:06.539" level="INFO">Clicking element 'css= li[id='user-dd']'.</msg>
<status status="PASS" starttime="20190902 19:04:06.539" endtime="20190902 19:04:09.041"></status>
</kw>
<kw name="Choose setting from list" library="TopNav">
<kw name="Click Element" library="SeleniumLibrary">
<doc>Click element identified by ``locator``.</doc>
<arguments>
<arg>${SETTINGS}</arg>
</arguments>
<msg timestamp="20190902 19:04:09.043" level="INFO">Clicking element 'css= a[href="/settings/profile"]'.</msg>
<status status="PASS" starttime="20190902 19:04:09.043" endtime="20190902 19:04:09.838"></status>
</kw>
<status status="PASS" starttime="20190902 19:04:09.042" endtime="20190902 19:04:09.838"></status>
</kw>
<kw name="Verify is settings page is displayed" library="Common">
<kw name="Wait Until Element Is Visible" library="SeleniumLibrary">
<doc>Waits until element ``locator`` is visible.</doc>
<arguments>
<arg>${SETTINGS_PROFILE}</arg>
</arguments>
<status status="PASS" starttime="20190902 19:04:09.839" endtime="20190902 19:04:10.822"></status>
</kw>
<status status="PASS" starttime="20190902 19:04:09.838" endtime="20190902 19:04:10.822"></status>
</kw>
<status status="PASS" starttime="20190902 19:04:06.538" endtime="20190902 19:04:10.822"></status>
</kw>
<kw name="Open Leads settings" library="SettingsLeftMenu">
<kw name="Click Element" library="SeleniumLibrary">
<doc>Click element identified by ``locator``.</doc>
<arguments>
<arg>${SETTINGS_LEAD}</arg>
</arguments>
<msg timestamp="20190902 19:04:10.823" level="INFO">Clicking element 'css= li[class='leads']'.</msg>
<status status="PASS" starttime="20190902 19:04:10.823" endtime="20190902 19:04:11.145"></status>
</kw>
<kw name="Verify if Leads settings are displayed" library="Common">
<kw name="Wait Until Element Is Visible" library="SeleniumLibrary">
<doc>Waits until element ``locator`` is visible.</doc>
<arguments>
<arg>${SETTINGS_LEADS_TAB}</arg>
</arguments>
<status status="PASS" starttime="20190902 19:04:11.146" endtime="20190902 19:04:11.695"></status>
</kw>
<status status="PASS" starttime="20190902 19:04:11.145" endtime="20190902 19:04:11.695"></status>
</kw>
<status status="PASS" starttime="20190902 19:04:10.823" endtime="20190902 19:04:11.695"></status>
</kw>
<kw name="Change back status name" library="SettingsLeads">
<kw name="Open Lead statuses tab" library="SettingsLeads">
<kw name="Click Element" library="SeleniumLibrary">
<doc>Click element identified by ``locator``.</doc>
<arguments>
<arg>${LEAD_STATUSES}</arg>
</arguments>
<msg timestamp="20190902 19:04:11.698" level="INFO">Clicking element 'css= li a[href='#lead-status']'.</msg>
<status status="PASS" starttime="20190902 19:04:11.697" endtime="20190902 19:04:12.138"></status>
</kw>
<status status="PASS" starttime="20190902 19:04:11.697" endtime="20190902 19:04:12.138"></status>
</kw>
<kw name="Find Edit button to change name of status" library="SettingsLeads">
<kw name="Click Button" library="SeleniumLibrary">
<doc>Clicks button identified by ``locator``.</doc>
<arguments>
<arg>${EDIT_STATUS}</arg>
</arguments>
<msg timestamp="20190902 19:04:12.140" level="INFO">Clicking button 'css= span[data-named-object-id="2609541"] button[class='btn btn-mini edit']'.</msg>
<status status="PASS" starttime="20190902 19:04:12.139" endtime="20190902 19:04:12.392"></status>
</kw>
<status status="PASS" starttime="20190902 19:04:12.138" endtime="20190902 19:04:12.393"></status>
</kw>
<kw name="Input Text" library="SeleniumLibrary">
<doc>Types the given ``text`` into text field identified by ``locator``.</doc>
<arguments>
<arg>css= input[value="NewStatus"]</arg>
<arg>New</arg>
</arguments>
<msg timestamp="20190902 19:04:12.393" level="INFO">Typing text 'New' into text field 'css= input[value="NewStatus"]'.</msg>
<status status="PASS" starttime="20190902 19:04:12.393" endtime="20190902 19:04:12.581"></status>
</kw>
<kw name="Click Element" library="SeleniumLibrary">
<doc>Click element identified by ``locator``.</doc>
<arguments>
<arg>${SAVE_BUTTON}</arg>
</arguments>
<msg timestamp="20190902 19:04:12.582" level="INFO">Clicking element 'css= span[data-named-object-id="2609541"] button[class="btn btn-primary save"]'.</msg>
<status status="PASS" starttime="20190902 19:04:12.582" endtime="20190902 19:04:12.761"></status>
</kw>
<status status="PASS" starttime="20190902 19:04:11.696" endtime="20190902 19:04:12.761"></status>
</kw>
<kw name="End Web Test" library="Common" type="teardown">
<kw name="Close All Browsers" library="SeleniumLibrary">
<doc>Closes all open browsers and resets the browser cache.</doc>
<status status="PASS" starttime="20190902 19:04:12.763" endtime="20190902 19:04:15.186"></status>
</kw>
<status status="PASS" starttime="20190902 19:04:12.762" endtime="20190902 19:04:15.186"></status>
</kw>
<status status="PASS" starttime="20190902 19:03:54.282" endtime="20190902 19:04:15.186" critical="yes"></status>
</test>
<status status="PASS" starttime="20190902 19:02:34.546" endtime="20190902 19:04:15.189"></status>
</suite>
<statistics>
<total>
<stat pass="5" fail="0">Critical Tests</stat>
<stat pass="5" fail="0">All Tests</stat>
</total>
<tag>
</tag>
<suite>
<stat pass="5" fail="0" id="s1" name="ZendeskSell">ZendeskSell</stat>
</suite>
</statistics>
<errors>
</errors>
</robot>
